0 info it worked if it ends with ok
1 verbose cli [ 'c:\\Program Files\\nodejs\\node.exe',
1 verbose cli   'c:\\Program Files\\nodejs\\node_modules\\npm\\bin\\npm-cli.js',
1 verbose cli   'install',
1 verbose cli   'backgrid-select-all' ]
2 info using npm@1.4.28
3 info using node@v0.10.35
4 warn package.json ooi-ui@0.0.1 No repository field.
5 verbose readDependencies using package.json deps
6 verbose cache add [ 'backgrid-select-all', null ]
7 verbose cache add name=undefined spec="backgrid-select-all" args=["backgrid-select-all",null]
8 verbose parsed url { protocol: null,
8 verbose parsed url   slashes: null,
8 verbose parsed url   auth: null,
8 verbose parsed url   host: null,
8 verbose parsed url   port: null,
8 verbose parsed url   hostname: null,
8 verbose parsed url   hash: null,
8 verbose parsed url   search: null,
8 verbose parsed url   query: null,
8 verbose parsed url   pathname: 'backgrid-select-all',
8 verbose parsed url   path: 'backgrid-select-all',
8 verbose parsed url   href: 'backgrid-select-all' }
9 silly lockFile 38127e9d-backgrid-select-all backgrid-select-all
10 verbose lock backgrid-select-all C:\Users\ssontag\AppData\Roaming\npm-cache\38127e9d-backgrid-select-all.lock
11 silly lockFile 38127e9d-backgrid-select-all backgrid-select-all
12 silly lockFile 38127e9d-backgrid-select-all backgrid-select-all
13 verbose addNamed [ 'backgrid-select-all', '' ]
14 verbose addNamed [ null, '*' ]
15 silly lockFile b44576b7-backgrid-select-all backgrid-select-all@
16 verbose lock backgrid-select-all@ C:\Users\ssontag\AppData\Roaming\npm-cache\b44576b7-backgrid-select-all.lock
17 silly addNameRange { name: 'backgrid-select-all', range: '*', hasData: false }
18 verbose request where is /backgrid-select-all
19 verbose request registry https://registry.npmjs.org/
20 verbose request id 524781283b655db7
21 verbose url raw /backgrid-select-all
22 verbose url resolving [ 'https://registry.npmjs.org/', './backgrid-select-all' ]
23 verbose url resolved https://registry.npmjs.org/backgrid-select-all
24 verbose request where is https://registry.npmjs.org/backgrid-select-all
25 info trying registry request attempt 1 at 16:11:52
26 http GET https://registry.npmjs.org/backgrid-select-all
27 http 404 https://registry.npmjs.org/backgrid-select-all
28 verbose headers { date: 'Tue, 03 Feb 2015 21:11:53 GMT',
28 verbose headers   server: 'CouchDB/1.5.0 (Erlang OTP/R16B03)',
28 verbose headers   'content-type': 'application/json',
28 verbose headers   'cache-control': 'max-age=0',
28 verbose headers   'content-length': '52',
28 verbose headers   'accept-ranges': 'bytes',
28 verbose headers   via: '1.1 varnish',
28 verbose headers   age: '0',
28 verbose headers   'x-served-by': 'cache-dfw1826-DFW',
28 verbose headers   'x-cache': 'MISS',
28 verbose headers   'x-cache-hits': '0',
28 verbose headers   'x-timer': 'S1422997913.519885,VS0,VE44',
28 verbose headers   'keep-alive': 'timeout=10, max=50',
28 verbose headers   connection: 'Keep-Alive' }
29 silly registry.get cb [ 404,
29 silly registry.get   { date: 'Tue, 03 Feb 2015 21:11:53 GMT',
29 silly registry.get     server: 'CouchDB/1.5.0 (Erlang OTP/R16B03)',
29 silly registry.get     'content-type': 'application/json',
29 silly registry.get     'cache-control': 'max-age=0',
29 silly registry.get     'content-length': '52',
29 silly registry.get     'accept-ranges': 'bytes',
29 silly registry.get     via: '1.1 varnish',
29 silly registry.get     age: '0',
29 silly registry.get     'x-served-by': 'cache-dfw1826-DFW',
29 silly registry.get     'x-cache': 'MISS',
29 silly registry.get     'x-cache-hits': '0',
29 silly registry.get     'x-timer': 'S1422997913.519885,VS0,VE44',
29 silly registry.get     'keep-alive': 'timeout=10, max=50',
29 silly registry.get     connection: 'Keep-Alive' } ]
30 silly lockFile b44576b7-backgrid-select-all backgrid-select-all@
31 silly lockFile b44576b7-backgrid-select-all backgrid-select-all@
32 error 404 404 Not Found: backgrid-select-all
32 error 404
32 error 404 'backgrid-select-all' is not in the npm registry.
32 error 404 You should bug the author to publish it
32 error 404 It was specified as a dependency of 'ooi-ui'
32 error 404
32 error 404 Note that you can also install from a
32 error 404 tarball, folder, or http url, or git url.
33 error System Windows_NT 6.2.9200
34 error command "c:\\Program Files\\nodejs\\node.exe" "c:\\Program Files\\nodejs\\node_modules\\npm\\bin\\npm-cli.js" "install" "backgrid-select-all"
35 error cwd f:\OOI\ooi-ui
36 error node -v v0.10.35
37 error npm -v 1.4.28
38 error code E404
39 verbose exit [ 1, true ]
